Command line: ../src/biorad -t 100 --affinity data/curation_different_heterodimer.csv --pdb.ignore-charge --pdb ../data/PDBBind_hydrogen --cluster cluster/cluster.align.different_heterodimer -o output_hetatm/curation_different_heterodimer.out --hist.min 0.0 --hist.max 12.0 --hist.bins 1
Reporting the ** unweighted ** statistical metrics
Affinity input data = data/curation_different_heterodimer.csv
PDB data directory = ../data/PDBBind_hydrogen
Clustering file = cluster/cluster.align.different_heterodimer
Force dimer? = false
Ignore hetatom? = false
seed = 1731678965
Num permutations (p-value) = 1000
Num fold = 5
Num trial = 100
Forest size = 100
Forest data bag = 0.5
Forest feature bag = 1
Forest leaf = 1
All training points are equally weighted
Using histogram features
Min histogram distance = 0
Max histogram distance = 12
Num histogram bins = 1
There are 21 amino acid types: 'ALA' 'ARG' 'ASN' 'ASP' 'CYS' 'GLN' 'GLU' 'GLY' 'HIS' 'ILE' 'LEU' 'LYS' 'MET' 'PHE' 'PRO' 'SER' 'THR' 'TRP' 'TYR' 'VAL' 'UNKNOWN'
../data/PDBBind_hydrogen/4wb2.pdb contains 1 protein chain(s): A; DNA or other non-protein chain?
../data/PDBBind_hydrogen/4r8i.pdb contains 1 protein chain(s): A; DNA or other non-protein chain?
Found 1305 protein complexes in ../data/PDBBind_hydrogen
Atom table has 36 entries
Atom type inventory:
	H	3557566
	C	2243346
	O	678343
	N	608363
	S	18583
	P	337
	CA	310
	ZN	238
	SE	207
	MG	142
	NA	68
	FE	38
	CD	35
	F	32
	NI	20
	MN	16
	K	14
	HG	14
	CS	8
	CL	8
	AL	8
	U	5
	CO	5
	AS	5
	PB	4
	Y	3
	CU	3
	V	1
	SR	1
	PT	1
	MO	1
	BR	1
	B	1
Computing hydrogen bond donor atoms ...done.
Computing interface hydrogen bond acceptor atoms ...done.
Removing 1043 PDB records that do not have corresponding affinity values
Read a total of 87 cluster configurations
Found 262 PDB files with associated affinity values
Affinity measurement summary:
	262 Kd affinities
	0 Ki affinities
	0 IC50 affinities
	0 computational scores
Structure summary:
	238 X-ray structures
	24 NMR structures
	0 predicted structures
min_cluster_distance	number_of_clusters	ave_baseline_r	stdev_baseline_r	baseline_p_value	ave_baseline_RMSE	stdev_baseline_RMSE	ave_baseline_R2	stdev_baseline_R2	ave_model_r	stdev_model_r	model_p_value	ave_model_RMSE	stdev_model_RMSE	ave_model_R2	stdev_model_R2	ave_model_R2(baseline)	stdev_model_R2(baseline)
0.00116959	262	0.416815	0.034741	0	3.00908	0.0583573	0.171211	0.0321399	0.30679	0.0312004	1e-05	3.20685	0.0530859	0.0587857	0.0313118	-0.137047	0.0515501
0.00547912	261	0.423986	0.0317211	0	2.99735	0.0534439	0.17771	0.0293443	0.312479	0.0282316	3e-05	3.19823	0.0494781	0.0638717	0.0289622	-0.139468	0.043954
0.0234025	259	0.419895	0.0329029	0	3.00442	0.0547049	0.173812	0.0300546	0.304489	0.0310776	3e-05	3.2113	0.0518039	0.0561806	0.0305435	-0.143448	0.0454806
0.0563005	258	0.412887	0.0315563	0	3.01722	0.0522985	0.166782	0.0290143	0.304843	0.0293443	1e-05	3.21182	0.0480504	0.0559112	0.0282957	-0.134049	0.0428319
0.0698038	256	0.412844	0.0320731	0	3.01632	0.0525714	0.167276	0.0291089	0.308642	0.0244374	0	3.20293	0.0436841	0.0611695	0.0256888	-0.128461	0.0417783
0.0717258	255	0.385697	0.0474005	1e-05	3.05482	0.0710881	0.145685	0.0401461	0.288471	0.0366998	0.0002	3.22548	0.0589022	0.047759	0.0348809	-0.116526	0.0566411
0.0736428	253	0.385372	0.0395736	0	3.05554	0.0597781	0.145415	0.0335846	0.28636	0.0347919	0.00015	3.22745	0.0536843	0.0466529	0.0318761	-0.117001	0.0518275
0.0765266	252	0.38642	0.0436237	2e-05	3.0547	0.0664708	0.14581	0.0373992	0.277012	0.0281105	6e-05	3.24395	0.0447517	0.0369595	0.0265443	-0.12926	0.0518003
0.0830524	250	0.326707	0.0317791	3e-05	3.13661	0.045334	0.0996222	0.0260446	0.261586	0.0323415	0.00031	3.26293	0.0514622	0.0256036	0.0307485	-0.0832461	0.0495202
0.085712	249	0.32877	0.0352918	2e-05	3.13314	0.0507719	0.101567	0.0291714	0.270798	0.0313788	0.0004	3.24855	0.0489062	0.0341953	0.0290762	-0.0760895	0.0469574
0.100538	248	0.321195	0.0336819	2e-05	3.14448	0.0486324	0.0950697	0.0280704	0.262882	0.0344953	0.00056	3.25994	0.0537819	0.0273625	0.0322081	-0.0756419	0.0437563
0.12666	247	0.316455	0.0407757	7e-05	3.15221	0.058169	0.0905243	0.0336079	0.263269	0.0332048	0.00048	3.25986	0.0528337	0.0274191	0.0315596	-0.0703908	0.0422892
0.128075	245	0.327469	0.0318414	0	3.13509	0.0457319	0.100491	0.0262716	0.267408	0.0321161	0.00044	3.25398	0.0526258	0.0309297	0.031369	-0.078132	0.0442402
0.134567	244	0.317584	0.0465297	0.00018	3.14742	0.0642159	0.0932167	0.0372066	0.263662	0.0358323	0.00198	3.25862	0.0545478	0.028145	0.0326499	-0.0731064	0.0473211
0.14133	243	0.323534	0.0382954	2e-05	3.14036	0.0547398	0.097381	0.0314514	0.263164	0.0302732	0.0006	3.25926	0.0481298	0.0278249	0.0286715	-0.0780716	0.0423377
0.158543	241	0.319256	0.0352961	3e-05	3.1465	0.0500816	0.0938963	0.0288504	0.26833	0.0325034	0.00037	3.25347	0.0517209	0.0312374	0.0308017	-0.0702939	0.0496521
0.191051	240	0.321522	0.0387696	0.00011	3.14364	0.0555698	0.0954859	0.0320201	0.265737	0.0321995	0.00046	3.25702	0.0508751	0.0291356	0.030435	-0.0744606	0.0456216
0.209849	238	0.320662	0.0433704	0.00015	3.14499	0.0625229	0.0946377	0.0361179	0.266884	0.0351436	0.00065	3.25616	0.054197	0.0296117	0.0323699	-0.0734225	0.0536271
0.210104	235	0.316289	0.0430399	0.00024	3.14928	0.0596663	0.092197	0.0346582	0.264511	0.0343081	0.00067	3.26044	0.0542146	0.0270627	0.0322846	-0.0732769	0.0537148
0.218878	234	0.308633	0.0439231	0.00055	3.16007	0.0610098	0.0859548	0.0355007	0.260952	0.030799	0.00074	3.26727	0.0498334	0.0230223	0.0299836	-0.0701251	0.0456099
0.237838	232	0.306425	0.0359819	5e-05	3.16291	0.0511648	0.0844139	0.0296652	0.25962	0.0345498	0.0008	3.26794	0.0539059	0.022587	0.0322468	-0.0687538	0.0515966
0.239284	230	0.298696	0.0389492	0.00025	3.17335	0.0548442	0.0783231	0.0318933	0.265333	0.0358897	0.00066	3.25875	0.0571685	0.028041	0.0341035	-0.0556527	0.0485667
0.248745	229	0.283442	0.0377219	0.00046	3.19047	0.0509781	0.06839	0.0297545	0.260806	0.0300302	0.00066	3.26758	0.046763	0.0228683	0.0279832	-0.0499628	0.0456058
0.253047	228	0.293202	0.0396202	0.00038	3.17822	0.0550612	0.0754927	0.032106	0.259868	0.0361584	0.00088	3.26899	0.0588779	0.0219057	0.0351984	-0.0591153	0.0503473
0.253947	226	0.279965	0.038336	0.00059	3.1945	0.0518866	0.066029	0.0303076	0.254302	0.0343754	0.00222	3.27876	0.054153	0.0160998	0.0326138	-0.054315	0.0429327
0.255183	225	0.28489	0.044679	0.00139	3.18814	0.0585938	0.0696772	0.0342098	0.256825	0.0321226	0.00108	3.274	0.0523441	0.0189733	0.0313055	-0.0558737	0.0504414
0.270049	224	0.282122	0.0384367	0.0007	3.19121	0.0511368	0.0679608	0.0298654	0.256171	0.0312159	0.00131	3.27394	0.0510808	0.0190176	0.030684	-0.0534738	0.0442032
0.271271	223	0.284708	0.0341629	0.00034	3.18539	0.0463327	0.0713983	0.0269723	0.248732	0.0357672	0.00249	3.28467	0.0564804	0.0125278	0.0340185	-0.0641267	0.0440726
0.281739	222	0.280783	0.0394023	0.00061	3.19024	0.0524442	0.0685118	0.030668	0.247621	0.037942	0.00263	3.28713	0.0602706	0.0110072	0.0362878	-0.062829	0.0511013
0.305004	221	0.275154	0.0451366	0.0027	3.19673	0.05941	0.0646471	0.0349476	0.248287	0.0370498	0.00285	3.28514	0.0600884	0.0122046	0.0363046	-0.0573737	0.0519221
0.312312	220	0.258765	0.040704	0.0028	3.21707	0.0548268	0.0527591	0.0323485	0.248137	0.0301222	0.00175	3.2887	0.0489159	0.0101775	0.0293813	-0.0460049	0.0437826
0.324803	219	0.256372	0.0378315	0.00258	3.21933	0.0485244	0.0514905	0.028584	0.240559	0.0325253	0.003	3.29997	0.0496897	0.00337508	0.0300304	-0.0515143	0.0407064
0.331698	218	0.252159	0.047653	0.00547	3.22511	0.0611659	0.0479525	0.0361412	0.239943	0.0334721	0.00413	3.2977	0.0530859	0.0047159	0.0321642	-0.0467212	0.0478843
0.358115	217	0.244476	0.0424333	0.00619	3.23437	0.0546701	0.0425486	0.0324363	0.23803	0.035425	0.00689	3.29803	0.054574	0.00450339	0.0331455	-0.040844	0.047433
0.395545	214	0.236888	0.0463447	0.00788	3.2422	0.0578072	0.0378792	0.0342644	0.237269	0.0375088	0.00654	3.29968	0.0591042	0.00345667	0.0358784	-0.0370394	0.0516438
0.402876	212	0.215771	0.0438084	0.01785	3.26939	0.05526	0.0217053	0.0331328	0.232083	0.0314396	0.00615	3.3067	0.0488574	-0.000682869	0.029615	-0.0238454	0.0411168
0.413992	211	0.229419	0.0436345	0.01171	3.25265	0.0552859	0.0316943	0.0329865	0.227719	0.030762	0.0069	3.31372	0.0460851	-0.00491086	0.0280411	-0.0388234	0.0412952
0.421604	208	0.204992	0.0393044	0.02338	3.28494	0.0527796	0.0124024	0.0318798	0.220629	0.0341194	0.00927	3.32166	0.0539855	-0.00980685	0.0327749	-0.023168	0.037628
0.453929	207	0.201721	0.0445433	0.02789	3.29104	0.057799	0.00868238	0.0347953	0.222722	0.0397631	0.01022	3.32147	0.0619175	-0.00977589	0.037636	-0.0197364	0.0493926
0.462644	205	0.193782	0.0506042	0.04525	3.30128	0.0627741	0.00245125	0.0380838	0.227542	0.0346729	0.00741	3.31394	0.0517486	-0.00509537	0.0314567	-0.00880268	0.0450279
0.463914	203	0.196083	0.0468936	0.03717	3.29764	0.0593859	0.00468861	0.035937	0.218955	0.0350219	0.0101	3.32819	0.0509781	-0.0137473	0.0310337	-0.0199721	0.0508371
0.466371	202	0.192876	0.0410213	0.03134	3.30024	0.0522712	0.00318633	0.0315259	0.214729	0.0385136	0.01423	3.33271	0.0586263	-0.0165811	0.0358672	-0.0208921	0.0492242
0.470338	200	0.173698	0.0414199	0.05568	3.32938	0.0531487	-0.0144974	0.0324212	0.217458	0.0370246	0.01284	3.32754	0.0568675	-0.0134113	0.0346901	0.000252948	0.0421909
0.476061	199	0.16792	0.043054	0.07129	3.33659	0.0564382	-0.0189257	0.0346383	0.212995	0.0349986	0.01344	3.3328	0.0544516	-0.016592	0.0331719	0.00119975	0.045558
0.480778	197	0.167965	0.0500503	0.08284	3.33222	0.0621864	-0.0163193	0.0379631	0.224117	0.0378683	0.00949	3.31723	0.059786	-0.00717846	0.0362615	0.00756792	0.0524535
0.496951	196	0.168191	0.0419774	0.07188	3.33465	0.0532831	-0.0177077	0.0326143	0.234113	0.0376821	0.00782	3.3017	0.0589507	0.00223738	0.0356405	0.0186658	0.045513
0.51051	190	0.114104	0.0428675	0.23253	3.38906	0.0519417	-0.0511707	0.0322618	0.230641	0.038446	0.01169	3.30592	0.0588455	-0.00030864	0.0356732	0.0475903	0.0428731
0.514433	189	0.117196	0.0416532	0.21752	3.3821	0.0531397	-0.0468687	0.0329214	0.236477	0.0412016	0.01148	3.29717	0.0635291	0.00492277	0.0384007	0.0487651	0.0424098
0.515561	188	0.109593	0.0439679	0.25382	3.39623	0.0557924	-0.0556614	0.0347463	0.232385	0.036004	0.01053	3.30415	0.0548877	0.000798358	0.0331688	0.0525908	0.0414838
0.583641	187	0.0884224	0.0430682	0.35152	3.41772	0.0556212	-0.0690591	0.0349049	0.231453	0.0346129	0.01239	3.30847	0.0525714	-0.00178841	0.0318646	0.0620308	0.0403614
0.584325	181	0.0834955	0.0476993	0.39627	3.42032	0.0595463	-0.0707273	0.0372982	0.228113	0.0348126	0.01413	3.31273	0.0546177	-0.00439228	0.0331752	0.0609683	0.0417787
0.600824	180	0.0654762	0.0481674	0.47322	3.44302	0.060476	-0.0849904	0.0381598	0.226537	0.0355199	0.01409	3.31509	0.0570684	-0.00584594	0.0347723	0.0719071	0.0435429
0.625477	175	0.0583829	0.0392553	0.51213	3.44766	0.0494492	-0.0878078	0.0313034	0.226905	0.0397329	0.01515	3.31463	0.0610644	-0.00561439	0.0370526	0.0747663	0.0438743
0.648632	172	0.0563874	0.0470162	0.54241	3.44955	0.0582346	-0.0890863	0.03674	0.231329	0.0375264	0.01394	3.30634	0.0574099	-0.000548804	0.0349939	0.0802106	0.0455379
0.656961	170	0.0560291	0.0496302	0.53758	3.44585	0.0607748	-0.0867752	0.0382975	0.225398	0.0333109	0.01311	3.31635	0.051564	-0.00655915	0.0313519	0.0727825	0.0410134
0.660272	169	0.0465228	0.0505803	0.56802	3.45892	0.0624924	-0.0950557	0.0395907	0.222348	0.0386328	0.01903	3.32005	0.0591365	-0.00888185	0.0361159	0.0776558	0.043332
0.66131	167	0.0419539	0.0465008	0.58228	3.46657	0.0576751	-0.0998464	0.0367074	0.221699	0.0351683	0.01807	3.32212	0.0541442	-0.0100853	0.0329941	0.0806597	0.0414559
0.672928	166	0.04642	0.0437696	0.57829	3.46152	0.0585775	-0.0966597	0.0372257	0.218882	0.0349942	0.01958	3.3282	0.0568675	-0.0138169	0.0347213	0.0745789	0.0426289
0.682628	164	0.038314	0.044697	0.62602	3.47031	0.0551217	-0.102198	0.0349869	0.216193	0.0405182	0.02556	3.32873	0.0612749	-0.0141874	0.0375792	0.0790317	0.0425587
0.684876	159	0.0461999	0.0462412	0.56803	3.46185	0.0555011	-0.0968341	0.0353003	0.218122	0.0374986	0.02191	3.33338	0.0587401	-0.0169913	0.035787	0.0719796	0.0411924
0.720086	158	0.0469802	0.0537274	0.54439	3.45479	0.0679817	-0.0925077	0.0431084	0.21788	0.0384909	0.02026	3.33063	0.0600963	-0.0153301	0.0366144	0.0692731	0.0480875
0.775018	156	0.0460237	0.0462126	0.59049	3.45792	0.0580049	-0.0943697	0.0366388	0.214623	0.0391834	0.02349	3.33773	0.0626372	-0.0196894	0.038209	0.0674039	0.0424171
0.782454	150	0.0577766	0.0482108	0.5149	3.44322	0.0571852	-0.0850812	0.0361867	0.223254	0.0359963	0.01739	3.32389	0.0594982	-0.0112222	0.0363461	0.0670493	0.0455201
0.787747	148	0.0489933	0.0488342	0.56161	3.45379	0.0608297	-0.0917909	0.0385972	0.218528	0.0415833	0.02392	3.33077	0.0655244	-0.0154741	0.0400084	0.0688936	0.0461138
0.79112	147	0.0513401	0.0503088	0.54942	3.4524	0.0620098	-0.0909267	0.0391998	0.217465	0.0390841	0.02255	3.33385	0.0627361	-0.0173237	0.0384393	0.0664365	0.0451145
0.808978	145	0.0442726	0.0492081	0.60216	3.45675	0.0582837	-0.0936353	0.0368374	0.219217	0.0372236	0.01815	3.32864	0.0573351	-0.0140861	0.0348597	0.0717107	0.0442563
0.813637	142	0.0459339	0.0516223	0.56366	3.45821	0.0633036	-0.0946169	0.0402412	0.222901	0.0334123	0.01655	3.32652	0.0543552	-0.0127645	0.0331327	0.0736811	0.0423918
0.825243	141	0.0401045	0.0493711	0.58969	3.46233	0.0598339	-0.0971816	0.0380189	0.22362	0.0388408	0.02087	3.32261	0.0598817	-0.0104448	0.0364982	0.0779278	0.0467418
0.837477	138	0.0391454	0.0456399	0.62988	3.46461	0.0526258	-0.0985554	0.0333415	0.225956	0.0389017	0.02056	3.32023	0.0616473	-0.00901919	0.0375887	0.0807797	0.0414249
0.840781	133	0.046717	0.0484563	0.56463	3.45362	0.0616551	-0.0916935	0.039039	0.229252	0.0370056	0.01492	3.31507	0.0599056	-0.00586868	0.0365736	0.0776274	0.0431879
0.848329	132	0.0438728	0.047862	0.59254	3.45938	0.0567163	-0.0952855	0.0359691	0.232145	0.0318342	0.01153	3.31015	0.0523714	-0.00280545	0.0319018	0.0834642	0.0414205
0.854049	130	0.0549064	0.044127	0.55214	3.44518	0.053773	-0.0862832	0.033921	0.223052	0.0370157	0.01872	3.33038	0.0639779	-0.0152218	0.0392503	0.0644701	0.0470894
0.873883	129	0.0455879	0.0488449	0.57313	3.45867	0.0594581	-0.0948649	0.0377626	0.225692	0.0355861	0.0155	3.31904	0.0562944	-0.0082357	0.0342372	0.0780721	0.0438907
0.874939	115	0.0380384	0.0484263	0.6114	3.46605	0.0613527	-0.0995569	0.0390111	0.236657	0.0309415	0.00552	3.30387	0.0494009	0.00101978	0.029958	0.0904319	0.0399791
0.883291	114	0.0413301	0.0484575	0.59037	3.45978	0.0573351	-0.0955401	0.0362976	0.239929	0.0290031	0.00427	3.29931	0.0468852	0.00379671	0.0282433	0.0896595	0.0401376
0.884546	103	0.0552614	0.0522096	0.52469	3.43882	0.0578649	-0.0823147	0.03638	0.236432	0.0404688	0.01172	3.30247	0.0683245	0.00166696	0.0413751	0.0765717	0.0488857
0.894768	102	0.0493683	0.0499421	0.53289	3.44625	0.0602231	-0.0870246	0.0379944	0.237228	0.036504	0.00958	3.30663	0.0638585	-0.000798174	0.0386998	0.0782948	0.0461519
0.901129	99	0.055342	0.0503533	0.53767	3.44044	0.0558693	-0.0833154	0.0349899	0.242418	0.037325	0.00764	3.29991	0.0668856	0.00322878	0.0404585	0.0790114	0.0459516
0.913226	85	0.0689177	0.0441738	0.47099	3.44246	0.0549485	-0.0845771	0.0346729	0.262185	0.0260152	0.00286	3.28169	0.0500816	0.0143835	0.0301789	0.0902742	0.0410885
0.914447	59	-0.0130207	0.074428	0.67003	3.50706	0.0685753	-0.125809	0.0443465	0.268456	0.0330549	0.03177	3.28517	0.0878743	0.0118143	0.0537492	0.120923	0.0581867
0.940103	58	-0.00881968	0.0660769	0.67389	3.50598	0.0667214	-0.125097	0.0427727	0.268327	0.0282538	0.02725	3.28253	0.0694871	0.0136652	0.0421597	0.122065	0.0505066
0.940209	56	-0.0275554	0.0799003	0.59774	3.53031	0.0832086	-0.140982	0.0539893	0.249754	0.039353	0.04485	3.31117	0.0736253	-0.00367116	0.0449301	0.118306	0.0579786
0.949532	35	-0.119357	0.0620438	0.42951	3.51576	0.0678131	-0.131393	0.043893	0.238502	0.0304875	0.19307	3.42811	0.137813	-0.0770186	0.0882358	0.0462369	0.090985
0.959935	28	-0.134775	0.0532383	0.43514	3.56868	0.087972	-0.165984	0.0584834	0.219549	0.0435772	0.21311	3.37325	0.113936	-0.0423273	0.0713481	0.10418	0.0719953
0.969311	13	-0.129564	0.0394054	0.61042	3.43449	0.100486	-0.080212	0.0654109	0.221216	0.0393661	0.32244	3.26944	0.0612671	0.0216129	0.036971	0.0914199	0.0575781
0.969739	10	-0.0976706	0.0208197	0.78165	3.83806	0.0778744	-0.348389	0.054967	0.230824	0.0392269	0.38121	3.33935	0.174537	-0.0231093	0.111657	0.240667	0.0810217
0.977171	5	-0.0840783	0.0105335	0.73283	3.36073	0.0259295	-0.033488	0.0160918	0.0485763	0.0064349	0.84584	3.33887	0.0210811	-0.0200677	0.0129213	0.0127478	0.0197357

accession	log(Kd)	ave predict log(Kd)	stdev predict log(Kd)
2gww	-22.9305	-15.8463	0.67989
2hrk	-18.526	-14.3998	0.571422
2hsq	-18.8347	-16.575	1.094
2jki	-10.0543	-15.6502	0.938094
2kgx	-11.6183	-13.8598	0.685422
2kt5	-10.4833	-13.8424	0.569147
2kwj	-14.5087	-14.5391	0.79082
2kwk	-12.9826	-13.2545	0.817303
2kwo	-9.96749	-14.5356	0.684464
2kxh	-11.1765	-14.275	0.66451
2leh	-19.5293	-15.3958	0.797774
2lox	-15.4762	-12.8655	0.652285
2lqc	-14.2463	-13.9021	0.680417
2lww	-16.6802	-18.1214	1.07334
2lz6	-11.3306	-13.5576	0.731982
2m04	-18.4207	-15.7354	0.510046
2m0g	-16.2924	-15.7758	0.453798
2m5b	-13.932	-15.6722	0.855959
2mcn	-13.1737	-14.3004	0.675104
2mur	-11.5898	-13.8467	0.619101
2n73	-14.9549	-14.3158	0.592876
2rf9	-11.2506	-15.4384	0.579588
2rnr	-15.7126	-14.3154	0.738395
2v52	-13.1737	-15.7665	0.381535
2w80	-19.337	-17.7258	0.657086
2w81	-19.337	-16.4088	0.60475
2wd5	-17.6322	-15.7894	0.607193
2wel	-15.0195	-17.1163	0.553228
2wfx	-18.0842	-13.9143	0.772124
2wg3	-16.4246	-14.4862	0.933504
2wg4	-16.4206	-13.9364	0.860378
2wh6	-17.8329	-16.113	0.709455
2wy3	-16.5336	-16.0853	0.434385
2x2d	-12.0072	-14.0434	1.07888
2xbb	-11.4176	-15.4367	0.65711
2xpx	-15.7126	-15.0384	0.571248
3aaa	-17.6787	-19.6191	0.90198
3au4	-14.4504	-14.2075	0.740376
3d1m	-13.5531	-14.8782	1.09406
3eab	-11.3306	-16.195	0.712374
3egg	-18.5599	-19.0519	0.952324
3fpu	-22.8435	-16.4048	0.410732
3g3a	-14.6595	-16.7669	0.618792
3g3b	-17.1969	-16.2309	0.70553
3gni	-18.2384	-18.4605	0.764448
3k2m	-18.7774	-14.9429	0.772678
3kyi	-8.43102	-13.4854	0.741324
3o34	-11.6408	-14.5571	0.741365
3ona	-14.2012	-13.8099	0.696157
3oxu	-11.991	-15.7028	0.794728
3qi2	-16.9166	-16.3424	0.607494
3r85	-10.0946	-15.8042	0.813448
3rdz	-19.7337	-15.2467	0.636119
3rea	-15.5359	-15.2621	0.749817
3reb	-16.1589	-14.4908	0.696102
3sku	-16.4748	-15.6273	0.665451
3sri	-15.6173	-16.66	0.482007
3sua	-10.8763	-14.7462	0.625964
3t04	-16.772	-14.5775	0.744978
3t6g	-17.3221	-16.6131	0.521364
3tkl	-14.6595	-15.8831	0.382194
3tu3	-16.6802	-16.157	0.473253
3ula	-19.6795	-12.345	0.738571
3vep	-11.4834	-16.3669	0.852351
3wa5	-17.3875	-16.0293	0.661438
3wdg	-20.5409	-16.0607	0.488765
3wo3	-16.4892	-17.3404	0.550379
3znz	-15.4452	-19.2896	1.28237
3zwl	-15.6481	-15.8116	0.678249
3zwz	-17.7126	-17.177	0.557185
3zyi	-18.7354	-16.0796	0.479404
3zyj	-18.6564	-16.4936	0.471574
4afq	-19.8478	-16.3222	0.765824
4afz	-20.8286	-14.8141	0.562581
4ag2	-18.8987	-16.0266	0.618521
4ap2	-17.7275	-16.5437	0.404556
4apx	-12.7508	-16.1996	0.478894
4aqe	-12.94	-16.4368	0.490324
4ayd	-14.014	-16.4456	0.572182
4aye	-12.6125	-16.7645	0.560135
4ayi	-19.6936	-17.8656	0.763529
4b93	-12.9826	-13.9886	0.757621
4bru	-15.4249	-15.7954	0.715036
4brw	-16.8112	-16.1641	0.867293
4c5g	-13.786	-14.8416	0.697099
4cdk	-13.1737	-16.5805	0.439449
4cj0	-16.1383	-15.5003	0.774955
4cj1	-16.8521	-14.0224	0.58436
4cj2	-18.3254	-15.4781	0.649484
4cmm	-14.0387	-15.822	0.677945
4cu4	-13.6332	-16.568	0.887226
4d0n	-10.9196	-16.384	0.443321
4etp	-14.8098	-16.2804	0.561033
4gla	-10.2516	-16.0317	0.745224
4glv	-19.6517	-15.5767	0.631908
4gn3	-12.2895	-16.1059	0.811166
4gn4	-15.1899	-15.9951	0.795936
4gn5	-17.2861	-16.0214	0.641482
4h3p	-13.1224	-13.6576	0.776145
4ic7	-14.6595	-16.5739	0.493828
4iyp	-15.0195	-15.358	0.667603
4jw2	-19.4149	-15.4775	0.672238
4jw3	-13.4439	-15.6104	0.718495
4k1r	-11.4931	-16.256	0.532885
4k81	-12.5346	-13.2565	0.66474
4kbb	-15.5303	-14.1503	0.561346
4kfz	-16.18	-16.5932	0.797679
4l0p	-18.526	-15.3509	0.649918
4llo	-11.2353	-14.2454	0.560707
4lqw	-9.27222	-14.7845	0.774738
4lyl	-17.2893	-15.7131	0.397095
4mit	-15.5415	-15.5523	0.783259
4msm	-12.7169	-15.9595	0.592927
4nl9	-15.2058	-13.4282	0.714192
4ovn	-16.8946	-15.7775	0.506353
4pbv	-12.94	-15.8239	0.479499
4pbw	-17.0857	-16.3516	0.514618
4pbz	-16.8112	-15.1636	0.676684
4pc0	-15.4249	-14.9476	0.648108
4pw9	-11.2128	-14.4378	0.548811
4pz6	-15.3762	-13.0133	0.787582
4qlp	-22.1929	-18.92	0.999283
4qzv	-10.2404	-15.7723	0.674776
4rt6	-18.143	-16.5471	0.555951
4u0q	-13.5531	-17.0373	0.654784
4uem	-18.867	-17.2256	0.594854
4ui1	-15.903	-13.0039	0.660041
4v0m	-14.8711	-13.6364	0.68521
4v0n	-14.8711	-13.5702	0.685032
4v0o	-14.8711	-13.5533	0.674425
4v2c	-10.9251	-16.0929	0.57532
4w6w	-19.4507	-13.9987	0.848619
4w6x	-19.065	-14.6629	0.70939
4wem	-11.8986	-14.8217	0.667317
4wen	-16.1181	-15.4076	0.983445
4weu	-12.075	-13.3839	0.7534
4xl5	-20.3868	-17.0974	0.66702
4xvp	-19.2882	-16.2407	0.541181
4xxb	-13.4235	-15.1794	0.654002
4y5o	-13.479	-16.0516	0.622309
4y61	-14.8483	-15.1167	0.453596
4yc7	-13.1789	-16.2331	0.429048
4yh7	-15.7126	-17.4993	0.533743
4yiz	-18.6438	-17.6428	0.593519
4yj4	-18.4307	-15.3099	0.742311
4yn0	-16.2806	-15.1922	0.667386
4yoc	-14.3263	-16.0402	0.55554
4yyp	-15.0885	-14.4942	0.533714
4zi2	-14.683	-16.9201	1.08301
4zrj	-12.7508	-19.3974	1.33169
4zrk	-13.8155	-13.5359	0.556349
4zrp	-20.1355	-15.0411	0.53685
5abv	-21.3772	-16.3781	0.715665
5ayr	-20.0503	-15.5187	0.718718
5ays	-21.4005	-15.2244	0.621376
5c4v	-13.7202	-15.83	0.609024
5chv	-13.4167	-18.881	0.850935
5ctr	-13.9433	-15.479	0.728157
5cxb	-18.5051	-15.6491	0.439761
5cyk	-15.2058	-15.8203	0.564139
5djt	-17.8901	-14.9736	0.529769
5dju	-18.2897	-15.5878	0.703765
5e3e	-17.0121	-16.3177	0.54913
5eb1	-15.7816	-15.2296	0.60851
5ee5	-10.5574	-15.0227	0.688321
5ep6	-14.144	-15.7563	0.86344
5et1	-16.0504	-16.4278	0.603588
5fzt	-9.94431	-15.1178	0.492807
5h7y	-15.895	-15.9573	0.537447
5inb	-15.9111	-16.3646	0.405084
5ioh	-14.0665	-16.1545	0.673259
5j28	-15.4606	-16.7668	0.632089
5j7c	-22.2887	-14.9663	0.806402
5jds	-19.6247	-14.4191	0.66599
5jlv	-18.0152	-14.6617	0.514825
5jmc	-16.2689	-14.0145	0.74505
5jsb	-15.7126	-15.2232	0.69688
5jsn	-14.0387	-16.8766	0.561631
5jw7	-11.6083	-14.2181	0.782548
5jw9	-16.2689	-16.348	0.426515
5jyl	-18.5599	-16.0137	1.15825
5l8j	-13.1224	-15.4908	0.821288
5lhn	-18.3074	-15.2491	0.571448
5li1	-14.5705	-14.8868	0.979978
5m72	-17.2268	-16.9385	0.855888
5ma3	-23.9934	-17.6684	0.889802
5ma4	-23.6798	-18.284	1.13738
5ma5	-24.2637	-18.3325	1.14163
5ma6	-21.9173	-15.2995	0.642765
5mad	-20.628	-14.5709	0.654539
5mak	-24.2637	-18.3021	1.13299
5mk0	-12.6841	-14.7026	0.593133
5mtj	-14.9002	-15.1747	0.639027
5mtm	-18.7774	-15.3109	0.869761
5mtn	-17.5663	-14.8755	0.787223
5mv8	-13.479	-16.3969	0.648673
5mv9	-13.8155	-16.3578	0.69113
5n88	-13.8056	-14.0869	0.498288
5nqf	-15.5934	-17.0764	0.505463
5nqg	-16.8112	-16.8258	0.465155
5nus	-18.3254	-15.8038	0.617002
5nvk	-21.6396	-18.7328	0.817909
5nvl	-21.9272	-18.899	0.920052
5nvm	-18.0842	-16.0661	0.439483
5nvn	-16.7159	-15.9823	0.474042
5nwm	-17.0344	-15.2303	0.651525
5nzz	-13.2849	-13.7692	0.757178
5o2s	-19.73	-14.949	0.767486
5o2t	-15.6481	-13.0783	0.824459
5o90	-13.7202	-14.7887	0.7506
5oc7	-17.2268	-13.4426	0.635387
5odw	-22.1504	-17.7908	0.919505
5oen	-18.4207	-15.0056	0.783366
5omn	-18.472	-14.9886	0.865726
5oy9	-12.4938	-15.8065	0.818152
5oyl	-11.8006	-15.8638	0.64713
5sv3	-21.1901	-15.6184	0.953845
5szh	-12.1669	-15.8133	0.69864
5szi	-15.1899	-14.1552	0.697361
5szj	-7.14348	-15.0622	0.76295
5szk	-13.7202	-14.6241	0.864491
5tgh	-13.8881	-14.1048	0.515521
5tl6	-9.76199	-14.9319	0.517442
5tl7	-6.28182	-16.1528	0.540674
5twa	-16.5336	-16.728	0.6582
5u4k	-11.1075	-13.6946	0.559072
5ufe	-16.8053	-14.7871	0.602994
5ufq	-18.867	-13.3369	0.677326
5un7	-15.9358	-18.8913	0.994921
5uv8	-15.7745	-16.2673	0.486889
5uwc	-17.8441	-16.0853	0.501676
5v5g	-18.526	-15.6677	0.652706
5v5h	-15.6607	-16.7584	0.667272
5v69	-17.1425	-14.7309	0.962278
5v6a	-16.7492	-14.9339	1.00321
5vkl	-15.9959	-14.0709	0.833515
5vko	-19.337	-16.105	0.732732
5w3x	-12.6006	-15.648	0.636635
5wos	-14.8568	-14.8078	0.488812
5wrv	-14.1302	-17.2846	0.807451
5wy2	-14.4317	-13.7382	0.5575
5xiu	-10.9251	-14.6625	0.540109
5xqz	-11.3059	-16.4057	0.525271
5xv8	-16.455	-15.4978	0.598855
5yr0	-11.7874	-17.1635	0.918276
5ywr	-17.0597	-13.3268	0.780586
6aaf	-14.9333	-15.1278	0.640649
6amb	-10.9363	-13.5447	0.611911
6atk	-14.6595	-13.289	0.720012
6ba6	-8.72791	-14.1795	0.534443
6cbp	-11.8696	-13.975	0.741776
6ch2	-10.4482	-14.3649	0.736315
6ch3	-11.5129	-15.092	0.695938
6e2p	-10.887	-15.2126	0.486261
6fc2	-12.5917	-19.6345	0.857242
6fc3	-17.7275	-16.1977	0.558088
6ff3	-18.1132	-15.047	0.716858
6fp7	-19.6247	-14.1397	0.56802
6g04	-14.1722	-16.3569	0.676154
6gd5	-19.3883	-14.5288	0.639958
6h9n	-14.0387	-16.7065	1.01498
6i3f	-17.7126	-20.0255	0.723131
